[    0.000000] Initializing cgroup subsys cpuset
[    0.000000] Initializing cgroup subsys cpu
[    0.000000] Initializing cgroup subsys cpuacct
[    0.000000] Linux version 4.4.0-93-generic (buildd@lgw01-03) (gcc version 5.4.0 20160609 (Ubuntu 5.4.0-6ubuntu1~16.04.4) ) #116-Ubuntu SMP Fri Aug 11 21:17:51 UTC 2017 (Ubuntu 4.4.0-93.116-generic 4.4.79)
[    0.000000] Command line: BOOT_IMAGE=/boot/vmlinuz-4.4.0-93-generic root=LABEL=cloudimg-rootfs ro console=tty1 console=ttyS0
[    0.000000] KERNEL supported cpus:
[    0.000000]   Intel GenuineIntel
[    0.000000]   AMD AuthenticAMD
[    0.000000]   Centaur CentaurHauls
[    0.000000] x86/fpu: xstate_offset[2]:  576, xstate_sizes[2]:  256
[    0.000000] x86/fpu: Supporting XSAVE feature 0x01: 'x87 floating point registers'
[    0.000000] x86/fpu: Supporting XSAVE feature 0x02: 'SSE registers'
[    0.000000] x86/fpu: Supporting XSAVE feature 0x04: 'AVX registers'
[    0.000000] x86/fpu: Enabled xstate features 0x7, context size is 832 bytes, using 'standard' format.
[    0.000000] x86/fpu: Using 'lazy' FPU context switches.
[    0.000000] e820: BIOS-provided physical RAM map:
[    0.000000] BIOS-e820: [mem 0x0000000000000000-0x000000000009fbff] usable
[    0.000000] BIOS-e820: [mem 0x000000000009fc00-0x000000000009ffff] reserved
[    0.000000] BIOS-e820: [mem 0x00000000000f0000-0x00000000000fffff] reserved
[    0.000000] BIOS-e820: [mem 0x0000000000100000-0x000000003ffeffff] usable
[    0.000000] BIOS-e820: [mem 0x000000003fff0000-0x000000003fffffff] ACPI data
[    0.000000] BIOS-e820: [mem 0x00000000fec00000-0x00000000fec00fff] reserved
[    0.000000] BIOS-e820: [mem 0x00000000fee00000-0x00000000fee00fff] reserved
[    0.000000] BIOS-e820: [mem 0x00000000fffc0000-0x00000000ffffffff] reserved
[    0.000000] NX (Execute Disable) protection: active
[    0.000000] SMBIOS 2.5 present.
[    0.000000] Hypervisor detected: KVM
[    0.000000] e820: last_pfn = 0x3fff0 max_arch_pfn = 0x400000000
[    0.000000] MTRR: Disabled
[    0.000000] x86/PAT: MTRRs disabled, skipping PAT initialization too.
[    0.000000] CPU MTRRs all blank - virtualized system.
[    0.000000] x86/PAT: Configuration [0-7]: WB  WT  UC- UC  WB  WT  UC- UC  
[    0.000000] found SMP MP-table at [mem 0x0009fff0-0x0009ffff] mapped at [ffff88000009fff0]
[    0.000000] Scanning 1 areas for low memory corruption
[    0.000000] RAMDISK: [mem 0x36ac4000-0x37559fff]
[    0.000000] ACPI: Early table checksum verification disabled
[    0.000000] ACPI: RSDP 0x00000000000E0000 000024 (v02 VBOX  )
[    0.000000] ACPI: XSDT 0x000000003FFF0030 00003C (v01 VBOX   VBOXXSDT 00000001 ASL  00000061)
[    0.000000] ACPI: FACP 0x000000003FFF00F0 0000F4 (v04 VBOX   VBOXFACP 00000001 ASL  00000061)
[    0.000000] ACPI: DSDT 0x000000003FFF0470 00210F (v01 VBOX   VBOXBIOS 00000002 INTL 20100528)
[    0.000000] ACPI: FACS 0x000000003FFF0200 000040
[    0.000000] ACPI: FACS 0x000000003FFF0200 000040
[    0.000000] ACPI: APIC 0x000000003FFF0240 00005C (v02 VBOX   VBOXAPIC 00000001 ASL  00000061)
[    0.000000] ACPI: SSDT 0x000000003FFF02A0 0001CC (v01 VBOX   VBOXCPUT 00000002 INTL 20100528)
[    0.000000] No NUMA configuration found
[    0.000000] Faking a node at [mem 0x0000000000000000-0x000000003ffeffff]
[    0.000000] NODE_DATA(0) allocated [mem 0x3ffeb000-0x3ffeffff]
[    0.000000] kvm-clock: Using msrs 4b564d01 and 4b564d00
[    0.000000] kvm-clock: cpu 0, msr 0:3ffe3001, primary cpu clock
[    0.000000] kvm-clock: using sched offset of 3559105306 cycles
[    0.000000] clocksource: kvm-clock: mask: 0xffffffffffffffff max_cycles: 0x1cd42e4dffb, max_idle_ns: 881590591483 ns
[    0.000000] Zone ranges:
[    0.000000]   DMA      [mem 0x0000000000001000-0x0000000000ffffff]
[    0.000000]   DMA32    [mem 0x0000000001000000-0x000000003ffeffff]
[    0.000000]   Normal   empty
[    0.000000]   Device   empty
[    0.000000] Movable zone start for each node
[    0.000000] Early memory node ranges
[    0.000000]   node   0: [mem 0x0000000000001000-0x000000000009efff]
[    0.000000]   node   0: [mem 0x0000000000100000-0x000000003ffeffff]
[    0.000000] Initmem setup node 0 [mem 0x0000000000001000-0x000000003ffeffff]
[    0.000000] ACPI: PM-Timer IO Port: 0x4008
[    0.000000] IOAPIC[0]: apic_id 2, version 32, address 0xfec00000, GSI 0-23
[    0.000000] ACPI: INT_SRC_OVR (bus 0 bus_irq 0 global_irq 2 dfl dfl)
[    0.000000] ACPI: INT_SRC_OVR (bus 0 bus_irq 9 global_irq 9 high level)
[    0.000000] Using ACPI (MADT) for SMP configuration information
[    0.000000] smpboot: Allowing 2 CPUs, 0 hotplug CPUs
[    0.000000] PM: Registered nosave memory: [mem 0x00000000-0x00000fff]
[    0.000000] PM: Registered nosave memory: [mem 0x0009f000-0x0009ffff]
[    0.000000] PM: Registered nosave memory: [mem 0x000a0000-0x000effff]
[    0.000000] PM: Registered nosave memory: [mem 0x000f0000-0x000fffff]
[    0.000000] e820: [mem 0x40000000-0xfebfffff] available for PCI devices
[    0.000000] Booting paravirtualized kernel on KVM
[    0.000000] clocksource: refined-jiffies: mask: 0xffffffff max_cycles: 0xffffffff, max_idle_ns: 7645519600211568 ns
[    0.000000] setup_percpu: NR_CPUS:512 nr_cpumask_bits:512 nr_cpu_ids:2 nr_node_ids:1
[    0.000000] PERCPU: Embedded 34 pages/cpu @ffff88003fc00000 s98328 r8192 d32744 u1048576
[    0.000000] PV qspinlock hash table entries: 256 (order: 0, 4096 bytes)
[    0.000000] Built 1 zonelists in Node order, mobility grouping on.  Total pages: 257913
[    0.000000] Policy zone: DMA32
[    0.000000] Kernel command line: BOOT_IMAGE=/boot/vmlinuz-4.4.0-93-generic root=LABEL=cloudimg-rootfs ro console=tty1 console=ttyS0
[    0.000000] PID hash table entries: 4096 (order: 3, 32768 bytes)
[    0.000000] Memory: 1001724K/1048120K available (8479K kernel code, 1294K rwdata, 3984K rodata, 1492K init, 1316K bss, 46396K reserved, 0K cma-reserved)
[    0.000000] SLUB: HWalign=64, Order=0-3, MinObjects=0, CPUs=2, Nodes=1
[    0.000000] Hierarchical RCU implementation.
[    0.000000] 	Build-time adjustment of leaf fanout to 64.
[    0.000000] 	RCU restricting CPUs from NR_CPUS=512 to nr_cpu_ids=2.
[    0.000000] RCU: Adjusting geometry for rcu_fanout_leaf=64, nr_cpu_ids=2
[    0.000000] NR_IRQS:33024 nr_irqs:440 16
[    0.000000] Console: colour VGA+ 80x25
[    0.000000] console [tty1] enabled
[    0.000000] console [ttyS0] enabled
[    0.000000] tsc: Detected 1600.000 MHz processor
[    3.834950] Calibrating delay loop (skipped) preset value.. 3200.00 BogoMIPS (lpj=6400000)
[    3.837199] pid_max: default: 32768 minimum: 301
[    3.855360] ACPI: Core revision 20150930
[    3.889070] ACPI: 2 ACPI AML tables successfully acquired and loaded
[    3.935268] Security Framework initialized
[    4.001362] Yama: becoming mindful.
[    4.029494] AppArmor: AppArmor initialized
[    4.046880] Dentry cache hash table entries: 131072 (order: 8, 1048576 bytes)
[    4.054605] Inode-cache hash table entries: 65536 (order: 7, 524288 bytes)
[    4.058229] Mount-cache hash table entries: 2048 (order: 2, 16384 bytes)
[    4.072522] Mountpoint-cache hash table entries: 2048 (order: 2, 16384 bytes)
[    4.076253] Initializing cgroup subsys io
[    4.090895] Initializing cgroup subsys memory
[    4.102728] Initializing cgroup subsys devices
[    4.125495] Initializing cgroup subsys freezer
[    4.135734] Initializing cgroup subsys net_cls
[    4.137091] Initializing cgroup subsys perf_event
[    4.178105] Initializing cgroup subsys net_prio
[    4.227307] Initializing cgroup subsys hugetlb
[    4.277366] Initializing cgroup subsys pids
[    4.324195] CPU: Physical Processor ID: 0
[    4.342656] CPU: Processor Core ID: 0
[    4.378929] mce: CPU supports 0 MCE banks
[    4.418008] Last level iTLB entries: 4KB 64, 2MB 8, 4MB 8
[    4.455101] Last level dTLB entries: 4KB 64, 2MB 0, 4MB 0, 1GB 4
[    4.512471] Freeing SMP alternatives memory: 32K (ffffffff820ba000 - ffffffff820c2000)
[    4.564980] ftrace: allocating 32136 entries in 126 pages
[    4.663459] smpboot: APIC(0) Converting physical 0 to logical package 0
[    4.734167] smpboot: Max logical packages: 1
[    4.796916] x2apic enabled
[    4.831458] Switched APIC routing to physical x2apic.
[    4.871436] ..TIMER: vector=0x30 apic1=0 pin1=2 apic2=-1 pin2=-1
[    5.057975] smpboot: CPU0: Intel(R) Core(TM) i5-5250U CPU @ 1.60GHz (family: 0x6, model: 0x3d, stepping: 0x4)
[    5.201684] Performance Events: unsupported p6 CPU model 61 no PMU driver, software events only.
[    5.286854] KVM setup paravirtual spinlock
[    5.290984] x86: Booting SMP configuration:
[    5.292251] .... node  #0, CPUs:      #1
[    5.293533] kvm-clock: cpu 1, msr 0:3ffe3041, secondary cpu clock
[    5.299985] mce: CPU supports 0 MCE banks
[    5.309598] x86: Booted up 1 node, 2 CPUs
[    5.337390] smpboot: Total of 2 processors activated (6400.00 BogoMIPS)
[    5.375638] devtmpfs: initialized
[    5.379404] evm: security.selinux
[    5.380353] evm: security.SMACK64
[    5.387351] evm: security.SMACK64EXEC
[    5.388432] evm: security.SMACK64TRANSMUTE
[    5.389672] evm: security.SMACK64MMAP
[    5.390753] evm: security.ima
[    5.391682] evm: security.capability
[    5.393013] clocksource: jiffies: mask: 0xffffffff max_cycles: 0xffffffff, max_idle_ns: 7645041785100000 ns
[    5.407730] futex hash table entries: 512 (order: 3, 32768 bytes)
[    5.430212] pinctrl core: initialized pinctrl subsystem
[    5.454499] RTC time:  2:33:38, date: 09/02/17
[    5.495074] NET: Registered protocol family 16
[    5.527519] cpuidle: using governor ladder
[    5.575759] cpuidle: using governor menu
[    5.615187] PCCT header not found.
[    5.639307] ACPI: bus type PCI registered
[    5.681727] acpiphp: ACPI Hot Plug PCI Controller Driver version: 0.5
[    5.717276] PCI: Using configuration type 1 for base access
[    5.779847] ACPI: Added _OSI(Module Device)
[    5.819716] ACPI: Added _OSI(Processor Device)
[    5.862956] ACPI: Added _OSI(3.0 _SCP Extensions)
[    5.916869] ACPI: Added _OSI(Processor Aggregator Device)
[    5.978521] ACPI: Executed 1 blocks of module-level executable AML code
[    6.047422] ACPI: Interpreter enabled
[    6.082311] ACPI: (supports S0 S5)
[    6.125680] ACPI: Using IOAPIC for interrupt routing
[    6.172897] PCI: Using host bridge windows from ACPI; if necessary, use "pci=nocrs" and report a bug
[    6.268970] ACPI: PCI Root Bridge [PCI0] (domain 0000 [bus 00-ff])
[    6.293545] acpi PNP0A03:00: _OSC: OS supports [ASPM ClockPM Segments MSI]
[    6.323542] acpi PNP0A03:00: _OSC failed (AE_NOT_FOUND); disabling ASPM
[    6.405406] acpi PNP0A03:00: fail to add MMCONFIG information, can't access extended PCI configuration space under this bridge.
[    6.448960] PCI host bridge to bus 0000:00
[    6.450072] pci_bus 0000:00: root bus resource [io  0x0000-0x0cf7 window]
[    6.502835] pci_bus 0000:00: root bus resource [io  0x0d00-0xffff window]
[    6.506277] pci_bus 0000:00: root bus resource [mem 0x000a0000-0x000bffff window]
[    6.532475] pci_bus 0000:00: root bus resource [mem 0x40000000-0xffdfffff window]
[    6.563218] pci_bus 0000:00: root bus resource [bus 00-ff]
[    6.567393] pci 0000:00:01.1: legacy IDE quirk: reg 0x10: [io  0x01f0-0x01f7]
[    6.579748] pci 0000:00:01.1: legacy IDE quirk: reg 0x14: [io  0x03f6]
[    6.620371] pci 0000:00:01.1: legacy IDE quirk: reg 0x18: [io  0x0170-0x0177]
[    6.636350] pci 0000:00:01.1: legacy IDE quirk: reg 0x1c: [io  0x0376]
[    6.658836] pci 0000:00:07.0: quirk: [io  0x4000-0x403f] claimed by PIIX4 ACPI
[    6.701439] pci 0000:00:07.0: quirk: [io  0x4100-0x410f] claimed by PIIX4 SMB
[    6.727905] ACPI: PCI Interrupt Link [LNKA] (IRQs 5 9 10 *11)
[    6.761439] ACPI: PCI Interrupt Link [LNKB] (IRQs 5 9 10 *11)
[    6.774839] ACPI: PCI Interrupt Link [LNKC] (IRQs 5 9 *10 11)
[    6.802848] ACPI: PCI Interrupt Link [LNKD] (IRQs 5 *9 10 11)
[    6.806056] ACPI: Enabled 2 GPEs in block 00 to 07
[    6.830479] vgaarb: setting as boot device: PCI:0000:00:02.0
[    6.861434] vgaarb: device added: PCI:0000:00:02.0,decodes=io+mem,owns=io+mem,locks=none
[    6.863543] vgaarb: loaded
[    6.869864] vgaarb: bridge control possible 0000:00:02.0
[    6.914033] SCSI subsystem initialized
[    6.966888] ACPI: bus type USB registered
[    6.999946] usbcore: registered new interface driver usbfs
[    7.002734] usbcore: registered new interface driver hub
[    7.004659] usbcore: registered new device driver usb
[    7.006442] PCI: Using ACPI for IRQ routing
[    7.013796] NetLabel: Initializing
[    7.021124] NetLabel:  domain hash size = 128
[    7.022384] NetLabel:  protocols = UNLABELED CIPSOv4
[    7.023780] NetLabel:  unlabeled traffic allowed by default
[    7.070697] amd_nb: Cannot enumerate AMD northbridges
[    7.129275] clocksource: Switched to clocksource kvm-clock
[    7.211996] AppArmor: AppArmor Filesystem Enabled
[    7.294424] pnp: PnP ACPI init
[    7.360064] pnp: PnP ACPI: found 3 devices
[    7.428942] clocksource: acpi_pm: mask: 0xffffff max_cycles: 0xffffff, max_idle_ns: 2085701024 ns
[    7.567267] NET: Registered protocol family 2
[    7.605139] TCP established hash table entries: 8192 (order: 4, 65536 bytes)
[    7.623223] TCP bind hash table entries: 8192 (order: 5, 131072 bytes)
[    7.714085] TCP: Hash tables configured (established 8192 bind 8192)
[    7.742215] UDP hash table entries: 512 (order: 2, 16384 bytes)
[    7.743801] UDP-Lite hash table entries: 512 (order: 2, 16384 bytes)
[    7.776266] NET: Registered protocol family 1
[    7.777586] pci 0000:00:00.0: Limiting direct PCI/PCI transfers
[    7.779441] pci 0000:00:01.0: Activating ISA DMA hang workarounds
[    7.782964] Unpacking initramfs...
[   10.090643] Freeing initrd memory: 10840K (ffff880036ac4000 - ffff88003755a000)
[   10.173052] RAPL PMU detected, API unit is 2^-32 Joules, 4 fixed counters 10737418240 ms ovfl timer
[   10.347387] hw unit of domain pp0-core 2^-0 Joules
[   10.348735] hw unit of domain package 2^-0 Joules
[   10.377265] hw unit of domain dram 2^-0 Joules
[   10.379817] hw unit of domain pp1-gpu 2^-0 Joules
[   10.415766] platform rtc_cmos: registered platform RTC device (no PNP device found)
[   10.449466] Scanning for low memory corruption every 60 seconds
[   10.461217] audit: initializing netlink subsys (disabled)
[   10.465581] audit: type=2000 audit(1504319621.132:1): initialized
[   10.477511] Initialise system trusted keyring
[   10.478975] HugeTLB registered 2 MB page size, pre-allocated 0 pages
[   10.482187] zbud: loaded
[   10.486775] VFS: Disk quotas dquot_6.6.0
[   10.505514] VFS: Dquot-cache hash table entries: 512 (order 0, 4096 bytes)
[   10.524997] squashfs: version 4.0 (2009/01/31) Phillip Lougher
[   10.537073] fuse init (API version 7.23)
[   10.544808] Key type big_key registered
[   10.557833] Allocating IMA MOK and blacklist keyrings.
[   10.571818] Key type asymmetric registered
[   10.621949] Asymmetric key parser 'x509' registered
[   10.669460] Block layer SCSI generic (bsg) driver version 0.4 loaded (major 249)
[   10.817769] io scheduler noop registered
[   10.867566] io scheduler deadline registered (default)
[   10.906539] io scheduler cfq registered
[   10.950741] pci_hotplug: PCI Hot Plug PCI Core version: 0.5
[   11.067304] pciehp: PCI Express Hot Plug Controller Driver version: 0.4
[   11.207288] ACPI: AC Adapter [AC] (on-line)
[   11.276045] input: Power Button as /devices/LNXSYSTM:00/LNXPWRBN:00/input/input0
[   11.301135] ACPI: Power Button [PWRF]
[   11.335517] input: Sleep Button as /devices/LNXSYSTM:00/LNXSLPBN:00/input/input1
[   11.477623] tsc: Refined TSC clocksource calibration: 1599.155 MHz
[   11.600597] clocksource: tsc: mask: 0xffffffffffffffff max_cycles: 0x170d06a261b, max_idle_ns: 440795211482 ns
[   11.600664] ACPI: Sleep Button [SLPF]
[   11.600899] GHES: HEST is not enabled!
[   11.641213] ACPI: Battery Slot [BAT0] (battery present)
[   11.641317] Serial: 8250/16550 driver, 32 ports, IRQ sharing enabled
[   11.664148] 00:02: ttyS0 at I/O 0x3f8 (irq = 4, base_baud = 115200) is a 16550A
[   11.698819] Linux agpgart interface v0.103
[   11.716564] loop: module loaded
[   11.717617] scsi host0: ata_piix
[   11.717718] scsi host1: ata_piix
[   11.717827] ata1: PATA max UDMA/33 cmd 0x1f0 ctl 0x3f6 bmdma 0xd000 irq 14
[   11.717828] ata2: PATA max UDMA/33 cmd 0x170 ctl 0x376 bmdma 0xd008 irq 15
[   11.717956] libphy: Fixed MDIO Bus: probed
[   11.717960] tun: Universal TUN/TAP device driver, 1.6
[   11.717961] tun: (C) 1999-2004 Max Krasnyansky <maxk@qualcomm.com>
[   11.718405] PPP generic driver version 2.4.2
[   11.718493] ehci_hcd: USB 2.0 'Enhanced' Host Controller (EHCI) Driver
[   11.718499] ehci-pci: EHCI PCI platform driver
[   11.718521] ehci-platform: EHCI generic platform driver
[   11.718534] ohci_hcd: USB 1.1 'Open' Host Controller (OHCI) Driver
[   11.718539] ohci-pci: OHCI PCI platform driver
[   11.718552] ohci-platform: OHCI generic platform driver
[   11.718564] uhci_hcd: USB Universal Host Controller Interface driver
[   11.718651] i8042: PNP: PS/2 Controller [PNP0303:PS2K,PNP0f03:PS2M] at 0x60,0x64 irq 1,12
[   11.719319] serio: i8042 KBD port at 0x60,0x64 irq 1
[   11.719323] serio: i8042 AUX port at 0x60,0x64 irq 12
[   11.719433] mousedev: PS/2 mouse device common for all mice
[   11.719779] input: AT Translated Set 2 keyboard as /devices/platform/i8042/serio0/input/input2
[   11.720143] rtc_cmos rtc_cmos: rtc core: registered rtc_cmos as rtc0
[   11.720207] rtc_cmos rtc_cmos: alarms up to one day, 114 bytes nvram
[   11.720214] i2c /dev entries driver
[   11.720271] device-mapper: uevent: version 1.0.3
[   11.720329] device-mapper: ioctl: 4.34.0-ioctl (2015-10-28) initialised: dm-devel@redhat.com
[   11.720344] ledtrig-cpu: registered to indicate activity on CPUs
[   11.720622] NET: Registered protocol family 10
[   11.720781] NET: Registered protocol family 17
[   11.720792] Key type dns_resolver registered
[   11.720929] microcode: CPU0 sig=0x306d4, pf=0x40, revision=0x0
[   11.727606] microcode: CPU1 sig=0x306d4, pf=0x40, revision=0x0
[   11.727666] microcode: Microcode Update Driver: v2.01 <tigran@aivazian.fsnet.co.uk>, Peter Oruba
[   11.727802] registered taskstats version 1
[   11.727819] Loading compiled-in X.509 certificates
[   11.728522] Loaded X.509 cert 'Build time autogenerated kernel key: a6f98c496ad22cf23b77f8fe21ff88c41791cbd4'
[   11.728543] zswap: loaded using pool lzo/zbud
[   11.730369] Key type trusted registered
[   11.733640] Key type encrypted registered
[   11.733649] AppArmor: AppArmor sha1 policy hashing enabled
[   11.733653] ima: No TPM chip found, activating TPM-bypass!
[   11.733679] evm: HMAC attrs: 0x1
[   11.734031]   Magic number: 1:406:560
[   11.747451] rtc_cmos rtc_cmos: setting system clock to 2017-09-02 02:33:44 UTC (1504319624)
[   11.747602] BIOS EDD facility v0.16 2004-Jun-25, 0 devices found
[   11.747602] EDD information not available.
[   12.895024] Freeing unused kernel memory: 1492K (ffffffff81f45000 - ffffffff820ba000)
[   12.900281] Write protecting the kernel read-only data: 14336k
[   12.908620] Freeing unused kernel memory: 1748K (ffff88000184b000 - ffff880001a00000)
[   12.917385] Freeing unused kernel memory: 112K (ffff880001de4000 - ffff880001e00000)
Loading, please wait...
starting version[   12.943917] random: systemd-udevd: uninitialized urandom read (16 bytes read, 7 bits of entropy available)
 229
[   12.945029] random: udevadm: uninitialized urandom read (16 bytes read, 7 bits of entropy available)
[   12.945097] random: udevadm: uninitialized urandom read (16 bytes read, 7 bits of entropy available)
[   12.945324] random: udevadm: uninitialized urandom read (16 bytes read, 7 bits of entropy available)
[   12.945394] random: udevadm: uninitialized urandom read (16 bytes read, 7 bits of entropy available)
[   12.945470] random: udevadm: uninitialized urandom read (16 bytes read, 7 bits of entropy available)
[   12.945536] random: udevadm: uninitialized urandom read (16 bytes read, 7 bits of entropy available)
[   12.945598] random: udevadm: uninitialized urandom read (16 bytes read, 7 bits of entropy available)
[   12.945662] random: udevadm: uninitialized urandom read (16 bytes read, 7 bits of entropy available)
[   12.945724] random: udevadm: uninitialized urandom read (16 bytes read, 7 bits of entropy available)
[   13.208187] e1000: Intel(R) PRO/1000 Network Driver - version 7.3.21-k8-NAPI
[   13.211293] e1000: Copyright (c) 1999-2006 Intel Corporation.
[   13.213159] Fusion MPT base driver 3.04.20
[   13.214445] Copyright (c) 1999-2008 LSI Corporation
[   13.221827] Fusion MPT SPI Host driver 3.04.20
[   13.249093] AVX version of gcm_enc/dec engaged.
[   13.252999] AES CTR mode by8 optimization enabled
[   13.429399] input: ImExPS/2 Generic Explorer Mouse as /devices/platform/i8042/serio1/input/input4
[   13.657922] e1000 0000:00:03.0 eth0: (PCI:33MHz:32-bit) 02:04:e4:df:e4:d8
[   13.700419] e1000 0000:00:03.0 eth0: Intel(R) PRO/1000 Network Connection
[   13.727755] mptbase: ioc0: Initiating bringup
[   13.728280] e1000 0000:00:03.0 enp0s3: renamed from eth0
[   13.830380] ioc0: LSI53C1030 A0: Capabilities={Initiator}
[   14.081132] scsi host2: ioc0: LSI53C1030 A0, FwRev=00000000h, Ports=1, MaxQ=256, IRQ=20
[   14.290273] scsi 2:0:0:0: Direct-Access     VBOX     HARDDISK         1.0  PQ: 0 ANSI: 5
[   14.328053] scsi target2:0:0: Beginning Domain Validation
[   14.350711] scsi target2:0:0: Domain Validation skipping write tests
[   14.369387] scsi target2:0:0: Ending Domain Validation
[   14.382657] scsi target2:0:0: asynchronous
[   14.397696] scsi 2:0:1:0: Direct-Access     VBOX     HARDDISK         1.0  PQ: 0 ANSI: 5
[   14.467426] scsi target2:0:1: Beginning Domain Validation
[   14.544553] scsi target2:0:1: Domain Validation skipping write tests
[   14.571812] scsi target2:0:1: Ending Domain Validation
[   14.573604] scsi target2:0:1: asynchronous
[   14.662692] sd 2:0:0:0: [sda] 20971520 512-byte logical blocks: (10.7 GB/10.0 GiB)
[   14.662706] sd 2:0:0:0: Attached scsi generic sg0 type 0
[   14.712382] sd 2:0:1:0: Attached scsi generic sg1 type 0
[   14.800339] sd 2:0:1:0: [sdb] 20480 512-byte logical blocks: (10.5 MB/10.0 MiB)
[   14.800423] sd 2:0:0:0: [sda] Write Protect is off
[   14.800594] sd 2:0:0:0: [sda] Incomplete mode parameter data
[   14.800595] sd 2:0:0:0: [sda] Assuming drive cache: write through
[   14.889237]  sda: sda1
[   14.890109] sd 2:0:0:0: [sda] Attached SCSI disk
[   15.222599] sd 2:0:1:0: [sdb] Write Protect is off
[   15.286258] sd 2:0:1:0: [sdb] Incomplete mode parameter data
[   15.339219] sd 2:0:1:0: [sdb] Assuming drive cache: write through
[   15.418705] sd 2:0:1:0: [sdb] Attached SCSI disk
[   16.225591] floppy0: no floppy controllers found
Begin: Loading e[   17.625277] md: linear personality registered for level -1
ssential drivers[   17.697777] md: multipath personality registered for level -4
 ... [   17.769891] md: raid0 personality registered for level 0
[   17.828580] md: raid1 personality registered for level 1
[   17.957769] raid6: sse2x1   gen()  7302 MB/s
[   18.037442] raid6: sse2x1   xor()  5414 MB/s
[   18.129387] raid6: sse2x2   gen()  5332 MB/s
[   18.237430] raid6: sse2x2   xor()  5974 MB/s
[   18.357296] raid6: sse2x4   gen() 10675 MB/s
[   18.473695] raid6: sse2x4   xor()  7263 MB/s
[   18.492514] raid6: using algorithm sse2x4 gen() 10675 MB/s
[   18.536960] raid6: .... xor() 7263 MB/s, rmw enabled
[   18.583313] raid6: using ssse3x2 recovery algorithm
[   18.605506] xor: automatically using best checksumming function:
[   18.717345]    avx       : 17179.000 MB/sec
[   18.764784] async_tx: api initialized (async)
[   18.823661] md: raid6 personality registered for level 6
[   18.883488] md: raid5 personality registered for level 5
[   18.930708] md: raid4 personality registered for level 4
[   18.984437] md: raid10 personality registered for level 10
done.
Begin: Running /scripts/init-premount ... done.
Begin: M[   19.131352] Btrfs loaded
ounting root file system ... Begin: Running /scripts/local-top ... done.
Begin: Running /scripts/local-premount ... Scanning for Btrfs filesystems
done.
Warning: fsck not present, so sk[   19.237546] EXT4-fs (sda1): mounted filesystem with ordered data mode. Opts: (null)
ipping root file system
done.
Begin: Running /scripts/local-bottom ... done.
Begin: Running /scripts/init-bottom ... done.
[   19.484922] systemd[1]: systemd 229 running in system mode. (+PAM +AUDIT +SELINUX +IMA +APPARMOR +SMACK +SYSVINIT +UTMP +LIBCRYPTSETUP +GCRYPT +GNUTLS +ACL +XZ -LZ4 +SECCOMP +BLKID +ELFUTILS +KMOD -IDN)
[   19.596225] systemd[1]: Detected virtualization oracle.
[   19.665541] systemd[1]: Detected architecture x86-64.

Welcome to [1mUbuntu 16.04.3 LTS[0m!

[   19.776290] systemd[1]: Set hostname to <ubuntu-xenial>.
[   20.513382] systemd[1]: Reached target Swap.
[[0;32m  OK  [0m] Reached target Swap.
[   20.529874] systemd[1]: Started Forward Password Requests to Wall Directory Watch.
[[0;32m  OK  [0m] Started Forward Password Requests to Wall Directory Watch.
[   20.581972] systemd[1]: Listening on Journal Audit Socket.
[[0;32m  OK  [0m] Listening on Journal Audit Socket.
[   20.629527] systemd[1]: Listening on udev Control Socket.
[[0;32m  OK  [0m] Listening on udev Control Socket.
[   20.656431] systemd[1]: Reached target Encrypted Volumes.
[[0;32m  OK  [0m] Reached target Encrypted Volumes.
[   20.750018] systemd[1]: Reached target User and Group Name Lookups.
[[0;32m  OK  [0m] Reached target User and Group Name Lookups.
[   20.934144] systemd[1]: Listening on LVM2 poll daemon socket.
[[0;32m  OK  [0m] Listening on LVM2 poll daemon socket.
[   21.014360] systemd[1]: Listening on LVM2 metadata daemon socket.
[[0;32m  OK  [0m] Listening on LVM2 metadata daemon socket.
[   21.222777] systemd[1]: Listening on Journal Socket (/dev/log).
[[0;32m  OK  [0m] Listening on Journal Socket (/dev/log).
[   21.330400] systemd[1]: Set up automount Arbitrary Executable File Formats File System Automount Point.
[[0;32m  OK  [0m] Set up automount Arbitrary Executab...ats File System Automount Point.
[   21.526129] systemd[1]: Listening on Journal Socket.
[[0;32m  OK  [0m] Listening on Journal Socket.
[   21.630027] systemd[1]: Listening on /dev/initctl Compatibility Named Pipe.
[[0;32m  OK  [0m] Listening on /dev/initctl Compatibility Named Pipe.
[   21.695349] systemd[1]: Started Trigger resolvconf update for networkd DNS.
[[0;32m  OK  [0m] Started Trigger resolvconf update for networkd DNS.
[   21.726381] systemd[1]: Created slice User and Session Slice.
[[0;32m  OK  [0m] Created slice User and Session Slice.
[   21.737575] systemd[1]: Created slice System Slice.
[[0;32m  OK  [0m] Created slice System Slice.
[   21.777801] systemd[1]: Mounting Debug File System...
[   21.780168] random: nonblocking pool is initialized
         Mounting Debug File System...
[   21.825275] systemd[1]: Starting Create list of required static device nodes for the current kernel...
         Starting Create list of required st... nodes for the current kernel...
[   21.909598] systemd[1]: Starting Nameserver information manager...
         Starting Nameserver information manager...
[   21.981728] systemd[1]: Mounting POSIX Message Queue File System...
         Mounting POSIX Message Queue File System...
[   22.098261] systemd[1]: Starting Load Kernel Modules...
[   22.123502] Loading iSCSI transport class v2.0-870.
         Starting Load Kernel Mo[   22.205545] iscsi: registered transport (tcp)
dules...
[   22.277542] systemd[1]: Starting Remount Root and Kernel File Systems...
         Starting Remount[   22.299175] EXT4-fs (sda1): re-mounted. Opts: (null)
 Root and Kernel[   22.357792] iscsi: registered transport (iser)
 File Systems...
[   22.437686] systemd[1]: Reached target Slices.
[[0;32m  OK  [0m] Reached target Slices.
[   22.545946] systemd[1]: Mounting Huge Pages File System...
         Mounting Huge Pages File System...
[   22.662041] systemd[1]: Starting Set console keymap...
         Starting Set console keymap...
[   22.706210] systemd[1]: Listening on Device-mapper event daemon FIFOs.
[[0;32m  OK  [0m] Listening on Device-mapper event daemon FIFOs.
[   22.765654] systemd[1]: Starting Monitoring of LVM2 mirrors, snapshots etc. using dmeventd or progress polling...
         Starting Monitoring of LVM2 mirrors... dmeventd or progress polling...
[   22.948804] systemd[1]: Listening on udev Kernel Socket.
[[0;32m  OK  [0m] Listening on udev Kernel Socket.
[   23.017805] systemd[1]: Starting Uncomplicated firewall...
         Starting Uncomplicated firewall...
[   23.036691] systemd[1]: Listening on Syslog Socket.
[[0;32m  OK  [0m] Listening on Syslog Socket.
[   23.109641] systemd[1]: Starting Journal Service...
         Starting Journal Service...
[   23.178912] systemd[1]: Created slice system-serial\x2dgetty.slice.
[[0;32m  OK  [0m] Created slice system-serial\x2dgetty.slice.
[   23.319094] systemd[1]: Mounted Huge Pages File System.
[[0;32m  OK  [0m] Mounted Huge Pages File System.
[   23.393684] systemd[1]: Mounted POSIX Message Queue File System.
[[0;32m  OK  [0m] Mounted POSIX Message Queue File System.
[   23.445719] systemd[1]: Mounted Debug File System.
[[0;32m  OK  [0m] Mounted Debug File System.
[   23.477870] systemd[1]: Started Journal Service.
[[0;32m  OK  [0m] Started Journal Service.
[[0;32m  OK  [0m] Started Create list of required sta...ce nodes for the current kernel.
[[0;32m  OK  [0m] Started Load Kernel Modules.
[[0;32m  OK  [0m] Started Remount Root and Kernel File Systems.
[[0;32m  OK  [0m] Started Set console keymap.
[[0;32m  OK  [0m] Started Uncomplicated firewall.
[[0;32m  OK  [0m] Started Nameserver information manager.
[[0;32m  OK  [0m] Started LVM2 metadata daemon.
         Starting udev Coldplug all Devices...
         Starting Initial cloud-init job (pre-networking)...
         Starting Load/Save Random Seed...
         Starting Apply Kernel Variables...
         Mounting FUSE Control File System...
         Starting Create Static Device Nodes in /dev...
         Starting Flush Journal to Persistent Storage...
[[0;32m  OK  [0m] Mounted FUSE Control File System.
[[0;32m  OK  [0m] Started Load/Save Random Seed.
[[0;32m  OK  [0m] Started Apply Kernel Variables.
[[0;32m  OK  [0m] Started Create Static Device Nodes in /dev.
[[0;32m  OK  [0m] Started Monitoring of LVM2 mirrors,...ng dmeventd or progress polling.
[[0;32m  OK  [0m] Started udev Coldplug all Devices.
[[0;32m  OK  [0m] Started Flush Journal to Persistent Storage.
         Starting udev Kernel Device Manager...
[[0;32m  OK  [0m] Started udev Kernel Device Manager.
[[0;32m  OK  [0m] Reached target Local File Systems (Pre).
[[0;32m  OK  [0m] Reached target Local File Systems.
         Starting Tell Plymouth To Write Out Runtime Data...
         Starting Set console font and keymap...
         Starting Create Volatile Files and Directories...
         Starting LSB: AppArmor initialization...
[[0;32m  OK  [0m] Started Dispatch Password Requests to Console Directory Watch.
[[0;32m  OK  [0m] Started Tell Plymouth To Write Out Runtime Data.
[[0;32m  OK  [0m] Started Create Volatile Files and Directories.
[[0;32m  OK  [0m] Found device /dev/ttyS0.
         Starting Update UTMP about System Boot/Shutdown...
[[0;32m  OK  [0m] Reached target System Time Synchronized.
[[0;32m  OK  [0m] Started Set console font and keymap.
[[0;32m  OK  [0m] Found device 82540EM Gigabit Ethern...r (PRO/1000 MT Desktop Adapter).
[[0;32m  OK  [0m] Created slice system-getty.slice.
[[0;32m  OK  [0m] Started Update UTMP about System Boot/Shutdown.
[[0;32m  OK  [0m] Started LSB: AppArmor initialization.
[[0;32m  OK  [0m] Listening on Load/Save RF Kill Switch Status /dev/rfkill Watch.
[   19.965627] cloud-init[446]: Cloud-init v. 0.7.9 running 'init-local' at Sat, 02 Sep 2017 02:33:58 +0000. Up 19.47 seconds.
[[0;32m  OK  [0m] Started Initial cloud-init job (pre-networking).
[[0;32m  OK  [0m] Reached target Network (Pre).
         Starting Raise network interfaces...
[[0;32m  OK  [0m] Started ifup for enp0s3.
[[0;32m  OK  [0m] Started Raise network interfaces.
[[0;32m  OK  [0m] Reached target Network.
         Starting Initial cloud-init job (metadata service crawler)...
[   21.998763] cloud-init[963]: Cloud-init v. 0.7.9 running 'init' at Sat, 02 Sep 2017 02:34:00 +0000. Up 21.58 seconds.
[   22.016618] cloud-init[963]: ci-info: +++++++++++++++++++++++++++++++++++++Net device info+++++++++++++++++++++++++++++++++++++
[   22.056677] cloud-init[963]: ci-info: +--------+------+---------------------------+---------------+-------+-------------------+
[   22.137316] cloud-init[963]: ci-info: | Device |  Up  |          Address          |      Mask     | Scope |     Hw-Address    |[[0;32m  OK  [0m] Started Initial cloud-init job (metadata service crawler).
[[0;32m  OK  [0m] Reached target Cloud-config availability.
[[0;32m  OK  [0m] Reached target Network is Online.

         Starting iSCSI initiator daemon (iscsid)...
[   22.159793] cloud-init[963]: ci-info: +--------+------+---------------------------+---------------+-------+-------------------+
[   22.220679] cloud-init[963]: ci-info: | enp0s3 | True |         10.0.2.15         | 255.255.255.0 |   .   | 02:04:e4:df:e4:d8 |
[[0;32m  OK  [0m] Reached target System Initialization.
[[0;32m  OK  [0m] Listening on UUID daemon activation socket.
[   22.252652] cloud-init[963]: ci-info: | enp0s3 | True | fe80::4:e4ff:fedf:e4d8/64 |       .       |  link | 02:04:e4:df:e4:d8 |
[   22.268392] cloud-init[963]: ci-info: |   lo   | True |         127.0.0.1         |   255.0.0.0   |   .   |         .         |
[[0;32m  OK  [0m] Started ACPI Events Check.
[[0;32m  OK  [0m] Reached target Paths.[   22.310822] cloud-init[963]: ci-info: |   lo   | True |          ::1/128          |       .       |  host |         .         |
[   22.324604] cloud-init[963]: ci-info: +--------+------+---------------------------+---------------+-------+-------------------+
[   22.324691] cloud-init[963]: ci-info: +++++++++++++++++++++++++++Route IPv4 info++++++++++++++++++++++++++++
[   22.324732] cloud-init[963]: ci-info: +-------+-------------+----------+---------------+-----------+-------+
[   22.324769] cloud-init[963]: ci-info: | Route | Destination | Gateway  |    Genmask    | Interface | Flags |
[   22.324804] cloud-init[963]: ci-info: +-------+-------------+----------+---------------+-----------+-------+
[   22.324838] cloud-init[963]: ci-info: |   0   |   0.0.0.0   | 10.0.2.2 |    0.0.0.0    |   enp0s3  |   UG  |
[   22.324890] cloud-init[963]: ci-info: |   1   |   10.0.2.0  | 0.0.0.0  | 255.255.255.0 |   enp0s3  |   U   |
[   22.324943] cloud-init[963]: ci-info: +-------+-------------+----------+---------------+-----------+-------+

[[0;32m  OK  [0m] Listening on ACPID Listen Socket.
         Starting Socket activation for snappy daemon.
[[0;32m  OK  [0m] Started Timer to automatically refresh installed snaps.
[[0;32m  OK  [0m] Started Daily apt download activities.
[[0;32m  OK  [0m] Started Daily apt upgrade and clean activities.
[[0;32m  OK  [0m] Listening on D-Bus System Message Bus Socket.
[[0;32m  OK  [0m] Started Daily Cleanup of Temporary Directories.
[[0;32m  OK  [0m] Reached target Timers.
         Starting LXD - unix socket.
[[0;32m  OK  [0m] Listening on Socket activation for snappy daemon.
[[0;32m  OK  [0m] Listening on LXD - unix socket.
[[0;32m  OK  [0m] Started iSCSI initiator daemon (iscsid).
         Starting Login to default iSCSI targets...
[[0;32m  OK  [0m] Reached target Sockets.
[[0;32m  OK  [0m] Reached target Basic System.
         Starting System Logging Service...
         Starting vboxadd.service...
         Starting Apply the settings specified in cloud-config...
[[0;32m  OK  [0m] Started D-Bus System Message Bus.
         Starting Accounts Service...
         Starting /etc/rc.local Compatibility...
         Starting Login Service...
         Starting LSB: MD monitoring daemon...
[[0;32m  OK  [0m] Started FUSE filesystem for LXC.
         Starting LSB: Record successful boot for GRUB...
[[0;32m  OK  [0m] Started Unattended Upgrades Shutdown.
         Starting vboxadd-x11.service...
         Starting The PHP 7.1 FastCGI Process Manager...
[[0;32m  OK  [0m] Started ACPI event daemon.
[[0;32m  OK  [0m] Started Regular background program processing daemon.
[[0;32m  OK  [0m] Started Deferred execution scheduler.
         Starting OpenBSD Secure Shell server...
         Starting LXD - container startup/shutdown...
[[0;32m  OK  [0m] Started Snappy daemon.
         Starting Auto import assertions from block devices...
[[0;32m  OK  [0m] Started System Logging Service.
[[0;32m  OK  [0m] Started OpenBSD Secure Shell server.
[[0;32m  OK  [0m] Started vboxadd.service.
[[0;32m  OK  [0m] Started /etc/rc.local Compatibility.
[[0;32m  OK  [0m] Started vboxadd-x11.service.
[[0;32m  OK  [0m] Started Auto import assertions from block devices.
[[0;32m  OK  [0m] Started Login to default iSCSI targets.
[[0;32m  OK  [0m] Started LSB: MD monitoring daemon.
[[0;32m  OK  [0m] Started LSB: Record successful boot for GRUB.
[[0;32m  OK  [0m] Started LXD - container startup/shutdown.
[[0;32m  OK  [0m] Started Login Service.
         Starting Authenticate and Authorize Users to Run Privileged Tasks...
[[0;32m  OK  [0m] Reached target Remote File Systems (Pre).
[[0;32m  OK  [0m] Reached target Remote File Systems.
         Starting LSB: Apache2 web server...
         Starting LSB: daemon to balance interrupts for SMP systems...
         Starting LSB: automatic crash report generation...
         Starting Permit User Sessions...
         Starting LSB: Set the CPU Frequency Scaling governor to "ondemand"...
         Starting vboxadd-service.service...
[[0;32m  OK  [0m] Started The PHP 7.1 FastCGI Process Manager.
[[0;32m  OK  [0m] Started Permit User Sessions.
[[0;32m  OK  [0m] Started Authenticate and Authorize Users to Run Privileged Tasks.
[[0;32m  OK  [0m] Started Accounts Service.
[[0;32m  OK  [0m] Started vboxadd-service.service.
         Starting Hold until boot process finishes up...
         Starting Terminate Plymouth Boot Screen...
[[0;32m  OK  [0m] Started LSB: daemon to balance interrupts for SMP systems.
[[0;32m  OK  [0m] Started LSB: automatic crash report generation.
[[0;32m  OK  [0m] Started LSB: Set the CPU Frequency Scaling governor to "ondemand".
[[0;32m  OK  [0m] Started Hold until boot process finishes up.
[[0;32m  OK  [0m] Started Terminate Plymouth Boot Screen.
[[0;32m  OK  [0m] Started Getty on tty1.
         Starting Set console scheme...
[   24.317850] cloud-init[1035]: Cloud-init v. 0.7.9 running 'modules:config' at Sat, 02 Sep 2017 02:34:03 +0000. Up 23.92 seconds.
[[0;32m  OK  [0m] Started Serial Getty on ttyS0.
[[0;32m  OK  [0m] Reached target Login Prompts.
[[0;32m  OK  [0m] Started Set console scheme.
[[0;32m  OK  [0m] Started Apply the settings specified in cloud-config.
[[0;32m  OK  [0m] Created slice User Slice of ubuntu.
         Starting User Manager for UID 1000...
[[0;32m  OK  [0m] Started Session 1 of user ubuntu.
[[0;32m  OK  [0m] Started User Manager for UID 1000.
[[0;32m  OK  [0m] Started LSB: Apache2 web server.
[[0;32m  OK  [0m] Reached target Multi-User System.
         Starting Execute cloud user/final scripts...
[[0;32m  OK  [0m] Reached target Graphical Interface.
         Starting Update UTMP about System Runlevel Changes...
[[0;32m  OK  [0m] Started Update UTMP about System Runlevel Changes.
[   26.112098] cloud-init[1371]: Cloud-init v. 0.7.9 running 'modules:final' at Sat, 02 Sep 2017 02:34:05 +0000. Up 25.91 seconds.
[   26.155775] cloud-init[1371]: Cloud-init v. 0.7.9 finished at Sat, 02 Sep 2017 02:34:05 +0000. Datasource DataSourceNoCloud [seed=/dev/sdb][dsmode=net].  Up 26.10 seconds
[[0;32m  OK  [0m] Started Execute cloud user/final scripts.
[[0;32m  OK  [0m] Reached target Cloud-init target.

Ubuntu 16.04.3 LTS ubuntu-xenial ttyS0

ubuntu-xenial login: 